<?xml version="1.0" encoding="UTF-8"?>
<!-- Generated by org.testng.reporters.JUnitReportReporter -->
<testsuite hostname="krishnamurthys-MacBook-Pro.local" failures="0" tests="1" name="IntegrationTest.ValidationOfPlayerDB" time="4.724" errors="0" timestamp="2020-08-05T17:23:28 IST" skipped="0">
  <testcase classname="IntegrationTest.ValidationOfPlayerDB" name="createNewPlayer" time="4.724"/>
  <system-out/>
</testsuite> <!-- IntegrationTest.ValidationOfPlayerDB -->
